\BOOKMARK [1][-]{section.1}{Miss\365es}{}% 1
\BOOKMARK [2][-]{subsection.1.1}{Ordem de Pontua\347\343o das Miss\365es}{section.1}% 2
\BOOKMARK [2][-]{subsection.1.2}{Ordem de Dificuldade das Miss\365es}{section.1}% 3
\BOOKMARK [2][-]{subsection.1.3}{Definindo o Problema}{section.1}% 4
\BOOKMARK [1][-]{section.2}{API}{}% 5
\BOOKMARK [2][-]{subsection.2.1}{Objetivo}{section.2}% 6
\BOOKMARK [2][-]{subsection.2.2}{C\363digo NXC}{section.2}% 7
\BOOKMARK [1][-]{section.3}{Caminh\343o de Suplementos, Ambul\342ncia, Sinal de Evacua\347\343o e Isolamento de Constru\347\343o}{}% 8
\BOOKMARK [2][-]{subsection.3.1}{Objetivo da miss\343o}{section.3}% 9
\BOOKMARK [2][-]{subsection.3.2}{Passos envolvidos}{section.3}% 10
\BOOKMARK [2][-]{subsection.3.3}{Pseudo c\363digo}{section.3}% 11
\BOOKMARK [2][-]{subsection.3.4}{C\363digo NXC}{section.3}% 12
\BOOKMARK [1][-]{section.4}{Galho da \301rvore, Animais e Equipamentos}{}% 13
\BOOKMARK [2][-]{subsection.4.1}{Objetivo da Miss\343o}{section.4}% 14
\BOOKMARK [2][-]{subsection.4.2}{Passos envolvidos}{section.4}% 15
\BOOKMARK [2][-]{subsection.4.3}{Pseudo-c\363digo}{section.4}% 16
\BOOKMARK [2][-]{subsection.4.4}{C\363digo NXC}{section.4}% 17
\BOOKMARK [1][-]{section.5}{Tsunami}{}% 18
\BOOKMARK [2][-]{subsection.5.1}{Objetivo da miss\343o}{section.5}% 19
\BOOKMARK [2][-]{subsection.5.2}{Passos envolvidos}{section.5}% 20
\BOOKMARK [2][-]{subsection.5.3}{Pseudo-c\363digo}{section.5}% 21
\BOOKMARK [2][-]{subsection.5.4}{C\363digo NXC}{section.5}% 22
\BOOKMARK [1][-]{section.6}{Fam\355lia, \301gua, Seguran\347a, Animais, Suplementos e Equipamentos, Zona de Seguran\347a}{}% 23
\BOOKMARK [2][-]{subsection.6.1}{Objetivo da miss\343o}{section.6}% 24
\BOOKMARK [2][-]{subsection.6.2}{Passos envolvidos}{section.6}% 25
\BOOKMARK [2][-]{subsection.6.3}{Pseudo-c\363digo}{section.6}% 26
\BOOKMARK [2][-]{subsection.6.4}{C\363digo NXC}{section.6}% 27
\BOOKMARK [1][-]{section.7}{Musica - Game of Thrones Main Theme}{}% 28
\BOOKMARK [2][-]{subsection.7.1}{Objetivo}{section.7}% 29
\BOOKMARK [2][-]{subsection.7.2}{C\363digo NXC}{section.7}% 30
\BOOKMARK [1][-]{section.8}{Rob\364}{}% 31
\BOOKMARK [1][-]{section.9}{Garras}{}% 32
