This is pdfTeX, Version 3.1415926-2.5-1.40.14 (TeX Live 2013/Debian) (format=pdflatex 2015.6.18)  1 JUL 2015 11:53
entering extended mode
 \write18 enabled.
 %&-line parsing enabled.
**PDS_Robotica.tex
(./PDS_Robotica.tex
LaTeX2e <2011/06/27>
Babel <3.9h> and hyphenation patterns for 5 languages loaded.
(/usr/share/texlive/texmf-dist/tex/latex/base/article.cls
Document Class: article 2007/10/19 v1.4h Standard LaTeX document class
(/usr/share/texlive/texmf-dist/tex/latex/base/size10.clo
File: size10.clo 2007/10/19 v1.4h Standard LaTeX file (size option)
)
\c@part=\count79
\c@section=\count80
\c@subsection=\count81
\c@subsubsection=\count82
\c@paragraph=\count83
\c@subparagraph=\count84
\c@figure=\count85
\c@table=\count86
\abovecaptionskip=\skip41
\belowcaptionskip=\skip42
\bibindent=\dimen102
)
(/usr/share/texlive/texmf-dist/tex/latex/amsmath/amsmath.sty
Package: amsmath 2013/01/14 v2.14 AMS math features
\@mathmargin=\skip43

For additional information on amsmath, use the `?' option.
(/usr/share/texlive/texmf-dist/tex/latex/amsmath/amstext.sty
Package: amstext 2000/06/29 v2.01

(/usr/share/texlive/texmf-dist/tex/latex/amsmath/amsgen.sty
File: amsgen.sty 1999/11/30 v2.0
\@emptytoks=\toks14
\ex@=\dimen103
))
(/usr/share/texlive/texmf-dist/tex/latex/amsmath/amsbsy.sty
Package: amsbsy 1999/11/29 v1.2d
\pmbraise@=\dimen104
)
(/usr/share/texlive/texmf-dist/tex/latex/amsmath/amsopn.sty
Package: amsopn 1999/12/14 v2.01 operator names
)
\inf@bad=\count87
LaTeX Info: Redefining \frac on input line 210.
\uproot@=\count88
\leftroot@=\count89
LaTeX Info: Redefining \overline on input line 306.
\classnum@=\count90
\DOTSCASE@=\count91
LaTeX Info: Redefining \ldots on input line 378.
LaTeX Info: Redefining \dots on input line 381.
LaTeX Info: Redefining \cdots on input line 466.
\Mathstrutbox@=\box26
\strutbox@=\box27
\big@size=\dimen105
LaTeX Font Info:    Redeclaring font encoding OML on input line 566.
LaTeX Font Info:    Redeclaring font encoding OMS on input line 567.
\macc@depth=\count92
\c@MaxMatrixCols=\count93
\dotsspace@=\muskip10
\c@parentequation=\count94
\dspbrk@lvl=\count95
\tag@help=\toks15
\row@=\count96
\column@=\count97
\maxfields@=\count98
\andhelp@=\toks16
\eqnshift@=\dimen106
\alignsep@=\dimen107
\tagshift@=\dimen108
\tagwidth@=\dimen109
\totwidth@=\dimen110
\lineht@=\dimen111
\@envbody=\toks17
\multlinegap=\skip44
\multlinetaggap=\skip45
\mathdisplay@stack=\toks18
LaTeX Info: Redefining \[ on input line 2665.
LaTeX Info: Redefining \] on input line 2666.
)
(/usr/share/texlive/texmf-dist/tex/latex/graphics/graphicx.sty
Package: graphicx 1999/02/16 v1.0f Enhanced LaTeX Graphics (DPC,SPQR)

(/usr/share/texlive/texmf-dist/tex/latex/graphics/keyval.sty
Package: keyval 1999/03/16 v1.13 key=value parser (DPC)
\KV@toks@=\toks19
)
(/usr/share/texlive/texmf-dist/tex/latex/graphics/graphics.sty
Package: graphics 2009/02/05 v1.0o Standard LaTeX Graphics (DPC,SPQR)

(/usr/share/texlive/texmf-dist/tex/latex/graphics/trig.sty
Package: trig 1999/03/16 v1.09 sin cos tan (DPC)
)
(/usr/share/texlive/texmf-dist/tex/latex/latexconfig/graphics.cfg
File: graphics.cfg 2010/04/23 v1.9 graphics configuration of TeX Live
)
Package graphics Info: Driver file: pdftex.def on input line 91.

(/usr/share/texlive/texmf-dist/tex/latex/pdftex-def/pdftex.def
File: pdftex.def 2011/05/27 v0.06d Graphics/color for pdfTeX

(/usr/share/texlive/texmf-dist/tex/generic/oberdiek/infwarerr.sty
Package: infwarerr 2010/04/08 v1.3 Providing info/warning/error messages (HO)
)
(/usr/share/texlive/texmf-dist/tex/generic/oberdiek/ltxcmds.sty
Package: ltxcmds 2011/11/09 v1.22 LaTeX kernel commands for general use (HO)
)
\Gread@gobject=\count99
))
\Gin@req@height=\dimen112
\Gin@req@width=\dimen113
)
(/usr/share/texlive/texmf-dist/tex/latex/booktabs/booktabs.sty
Package: booktabs 2005/04/14 v1.61803 publication quality tables
\heavyrulewidth=\dimen114
\lightrulewidth=\dimen115
\cmidrulewidth=\dimen116
\belowrulesep=\dimen117
\belowbottomsep=\dimen118
\aboverulesep=\dimen119
\abovetopsep=\dimen120
\cmidrulesep=\dimen121
\cmidrulekern=\dimen122
\defaultaddspace=\dimen123
\@cmidla=\count100
\@cmidlb=\count101
\@aboverulesep=\dimen124
\@belowrulesep=\dimen125
\@thisruleclass=\count102
\@lastruleclass=\count103
\@thisrulewidth=\dimen126
)
(/usr/share/texlive/texmf-dist/tex/latex/minted/minted.sty
Package: minted 2011/09/17 v1.7 Yet another Pygments shim for LaTeX

(/usr/share/texlive/texmf-dist/tex/latex/fancyvrb/fancyvrb.sty
Package: fancyvrb 2008/02/07

Style option: `fancyvrb' v2.7a, with DG/SPQR fixes, and firstline=lastline fix 
<2008/02/07> (tvz)
\FV@CodeLineNo=\count104
\FV@InFile=\read1
\FV@TabBox=\box28
\c@FancyVerbLine=\count105
\FV@StepNumber=\count106
\FV@OutFile=\write3
) (/usr/share/texmf/tex/latex/xcolor/xcolor.sty
Package: xcolor 2007/01/21 v2.11 LaTeX color extensions (UK)

(/usr/share/texlive/texmf-dist/tex/latex/latexconfig/color.cfg
File: color.cfg 2007/01/18 v1.5 color configuration of teTeX/TeXLive
)
Package xcolor Info: Driver file: pdftex.def on input line 225.
Package xcolor Info: Model `cmy' substituted by `cmy0' on input line 1337.
Package xcolor Info: Model `hsb' substituted by `rgb' on input line 1341.
Package xcolor Info: Model `RGB' extended on input line 1353.
Package xcolor Info: Model `HTML' substituted by `rgb' on input line 1355.
Package xcolor Info: Model `Hsb' substituted by `hsb' on input line 1356.
Package xcolor Info: Model `tHsb' substituted by `hsb' on input line 1357.
Package xcolor Info: Model `HSB' substituted by `hsb' on input line 1358.
Package xcolor Info: Model `Gray' substituted by `gray' on input line 1359.
Package xcolor Info: Model `wave' substituted by `hsb' on input line 1360.
)
(/usr/share/texlive/texmf-dist/tex/latex/float/float.sty
Package: float 2001/11/08 v1.3d Float enhancements (AL)
\c@float@type=\count107
\float@exts=\toks20
\float@box=\box29
\@float@everytoks=\toks21
\@floatcapt=\box30
)
(/usr/share/texlive/texmf-dist/tex/latex/base/ifthen.sty
Package: ifthen 2001/05/26 v1.1c Standard LaTeX ifthen package (DPC)
)
(/usr/share/texlive/texmf-dist/tex/latex/tools/calc.sty
Package: calc 2007/08/22 v4.3 Infix arithmetic (KKT,FJ)
\calc@Acount=\count108
\calc@Bcount=\count109
\calc@Adimen=\dimen127
\calc@Bdimen=\dimen128
\calc@Askip=\skip46
\calc@Bskip=\skip47
LaTeX Info: Redefining \setlength on input line 76.
LaTeX Info: Redefining \addtolength on input line 77.
\calc@Ccount=\count110
\calc@Cskip=\skip48
)
(/usr/share/texlive/texmf-dist/tex/latex/ifplatform/ifplatform.sty
Package: ifplatform 2010/10/22 v0.4 Testing for the operating system

(/usr/share/texlive/texmf-dist/tex/generic/oberdiek/pdftexcmds.sty
Package: pdftexcmds 2011/11/29 v0.20 Utility functions of pdfTeX for LuaTeX (HO
)

(/usr/share/texlive/texmf-dist/tex/generic/oberdiek/ifluatex.sty
Package: ifluatex 2010/03/01 v1.3 Provides the ifluatex switch (HO)
Package ifluatex Info: LuaTeX not detected.
)
(/usr/share/texlive/texmf-dist/tex/generic/oberdiek/ifpdf.sty
Package: ifpdf 2011/01/30 v2.3 Provides the ifpdf switch (HO)
Package ifpdf Info: pdfTeX in PDF mode is detected.
)
Package pdftexcmds Info: LuaTeX not detected.
Package pdftexcmds Info: \pdf@primitive is available.
Package pdftexcmds Info: \pdf@ifprimitive is available.
Package pdftexcmds Info: \pdfdraftmode found.
)
(/usr/share/texlive/texmf-dist/tex/generic/oberdiek/catchfile.sty
Package: catchfile 2011/03/01 v1.6 Catch the contents of a file (HO)

(/usr/share/texlive/texmf-dist/tex/generic/oberdiek/etexcmds.sty
Package: etexcmds 2011/02/16 v1.5 Avoid name clashes with e-TeX commands (HO)
Package etexcmds Info: Could not find \expanded.
(etexcmds)             That can mean that you are not using pdfTeX 1.50 or
(etexcmds)             that some package has redefined \expanded.
(etexcmds)             In the latter case, load this package earlier.
))
runsystem(uname -s > "PDS_Robotica.w18")...executed.


(./PDS_Robotica.w18)
runsystem(rm -- "PDS_Robotica.w18")...executed.

)
\minted@bgbox=\box31
\minted@code=\write4
\@float@every@listing=\toks22
\c@listing=\count111
)
runsystem(which pygmentize && touch PDS_Robotica.aex)...executed.

runsystem(rm PDS_Robotica.aex)...executed.


(/usr/share/texlive/texmf-dist/tex/latex/tcolorbox/tcolorbox.sty
Package: tcolorbox 2014/02/06 version 2.70 text color boxes

(/usr/share/texmf/tex/latex/pgf/basiclayer/pgf.sty
(/usr/share/texmf/tex/latex/pgf/utilities/pgfrcs.sty
(/usr/share/texmf/tex/generic/pgf/utilities/pgfutil-common.tex
\pgfutil@everybye=\toks23
)
(/usr/share/texmf/tex/generic/pgf/utilities/pgfutil-latex.def
\pgfutil@abb=\box32

(/usr/share/texlive/texmf-dist/tex/latex/ms/everyshi.sty
Package: everyshi 2001/05/15 v3.00 EveryShipout Package (MS)
))
(/usr/share/texmf/tex/generic/pgf/utilities/pgfrcs.code.tex
Package: pgfrcs 2010/10/25 v2.10 (rcs-revision 1.24)
))
Package: pgf 2008/01/15 v2.10 (rcs-revision 1.12)

(/usr/share/texmf/tex/latex/pgf/basiclayer/pgfcore.sty
(/usr/share/texmf/tex/latex/pgf/systemlayer/pgfsys.sty
(/usr/share/texmf/tex/generic/pgf/systemlayer/pgfsys.code.tex
Package: pgfsys 2010/06/30 v2.10 (rcs-revision 1.37)

(/usr/share/texmf/tex/generic/pgf/utilities/pgfkeys.code.tex
\pgfkeys@pathtoks=\toks24
\pgfkeys@temptoks=\toks25

(/usr/share/texmf/tex/generic/pgf/utilities/pgfkeysfiltered.code.tex
\pgfkeys@tmptoks=\toks26
))
\pgf@x=\dimen129
\pgf@y=\dimen130
\pgf@xa=\dimen131
\pgf@ya=\dimen132
\pgf@xb=\dimen133
\pgf@yb=\dimen134
\pgf@xc=\dimen135
\pgf@yc=\dimen136
\w@pgf@writea=\write5
\r@pgf@reada=\read2
\c@pgf@counta=\count112
\c@pgf@countb=\count113
\c@pgf@countc=\count114
\c@pgf@countd=\count115

(/usr/share/texmf/tex/generic/pgf/systemlayer/pgf.cfg
File: pgf.cfg 2008/05/14  (rcs-revision 1.7)
)
Package pgfsys Info: Driver file for pgf: pgfsys-pdftex.def on input line 900.

(/usr/share/texmf/tex/generic/pgf/systemlayer/pgfsys-pdftex.def
File: pgfsys-pdftex.def 2009/05/22  (rcs-revision 1.26)

(/usr/share/texmf/tex/generic/pgf/systemlayer/pgfsys-common-pdf.def
File: pgfsys-common-pdf.def 2008/05/19  (rcs-revision 1.10)
)))
(/usr/share/texmf/tex/generic/pgf/systemlayer/pgfsyssoftpath.code.tex
File: pgfsyssoftpath.code.tex 2008/07/18  (rcs-revision 1.7)
\pgfsyssoftpath@smallbuffer@items=\count116
\pgfsyssoftpath@bigbuffer@items=\count117
)
(/usr/share/texmf/tex/generic/pgf/systemlayer/pgfsysprotocol.code.tex
File: pgfsysprotocol.code.tex 2006/10/16  (rcs-revision 1.4)
))
(/usr/share/texmf/tex/generic/pgf/basiclayer/pgfcore.code.tex
Package: pgfcore 2010/04/11 v2.10 (rcs-revision 1.7)

(/usr/share/texmf/tex/generic/pgf/math/pgfmath.code.tex
(/usr/share/texmf/tex/generic/pgf/math/pgfmathcalc.code.tex
(/usr/share/texmf/tex/generic/pgf/math/pgfmathutil.code.tex)
(/usr/share/texmf/tex/generic/pgf/math/pgfmathparser.code.tex
\pgfmath@dimen=\dimen137
\pgfmath@count=\count118
\pgfmath@box=\box33
\pgfmath@toks=\toks27
\pgfmath@stack@operand=\toks28
\pgfmath@stack@operation=\toks29
)
(/usr/share/texmf/tex/generic/pgf/math/pgfmathfunctions.code.tex
(/usr/share/texmf/tex/generic/pgf/math/pgfmathfunctions.basic.code.tex)
(/usr/share/texmf/tex/generic/pgf/math/pgfmathfunctions.trigonometric.code.tex)
(/usr/share/texmf/tex/generic/pgf/math/pgfmathfunctions.random.code.tex)
(/usr/share/texmf/tex/generic/pgf/math/pgfmathfunctions.comparison.code.tex)
(/usr/share/texmf/tex/generic/pgf/math/pgfmathfunctions.base.code.tex)
(/usr/share/texmf/tex/generic/pgf/math/pgfmathfunctions.round.code.tex)
(/usr/share/texmf/tex/generic/pgf/math/pgfmathfunctions.misc.code.tex)))
(/usr/share/texmf/tex/generic/pgf/math/pgfmathfloat.code.tex
\c@pgfmathroundto@lastzeros=\count119
))
(/usr/share/texmf/tex/generic/pgf/basiclayer/pgfcorepoints.code.tex
File: pgfcorepoints.code.tex 2010/04/09  (rcs-revision 1.20)
\pgf@picminx=\dimen138
\pgf@picmaxx=\dimen139
\pgf@picminy=\dimen140
\pgf@picmaxy=\dimen141
\pgf@pathminx=\dimen142
\pgf@pathmaxx=\dimen143
\pgf@pathminy=\dimen144
\pgf@pathmaxy=\dimen145
\pgf@xx=\dimen146
\pgf@xy=\dimen147
\pgf@yx=\dimen148
\pgf@yy=\dimen149
\pgf@zx=\dimen150
\pgf@zy=\dimen151
)
(/usr/share/texmf/tex/generic/pgf/basiclayer/pgfcorepathconstruct.code.tex
File: pgfcorepathconstruct.code.tex 2010/08/03  (rcs-revision 1.24)
\pgf@path@lastx=\dimen152
\pgf@path@lasty=\dimen153
)
(/usr/share/texmf/tex/generic/pgf/basiclayer/pgfcorepathusage.code.tex
File: pgfcorepathusage.code.tex 2008/04/22  (rcs-revision 1.12)
\pgf@shorten@end@additional=\dimen154
\pgf@shorten@start@additional=\dimen155
)
(/usr/share/texmf/tex/generic/pgf/basiclayer/pgfcorescopes.code.tex
File: pgfcorescopes.code.tex 2010/09/08  (rcs-revision 1.34)
\pgfpic=\box34
\pgf@hbox=\box35
\pgf@layerbox@main=\box36
\pgf@picture@serial@count=\count120
)
(/usr/share/texmf/tex/generic/pgf/basiclayer/pgfcoregraphicstate.code.tex
File: pgfcoregraphicstate.code.tex 2008/04/22  (rcs-revision 1.9)
\pgflinewidth=\dimen156
)
(/usr/share/texmf/tex/generic/pgf/basiclayer/pgfcoretransformations.code.tex
File: pgfcoretransformations.code.tex 2009/06/10  (rcs-revision 1.11)
\pgf@pt@x=\dimen157
\pgf@pt@y=\dimen158
\pgf@pt@temp=\dimen159
)
(/usr/share/texmf/tex/generic/pgf/basiclayer/pgfcorequick.code.tex
File: pgfcorequick.code.tex 2008/10/09  (rcs-revision 1.3)
)
(/usr/share/texmf/tex/generic/pgf/basiclayer/pgfcoreobjects.code.tex
File: pgfcoreobjects.code.tex 2006/10/11  (rcs-revision 1.2)
)
(/usr/share/texmf/tex/generic/pgf/basiclayer/pgfcorepathprocessing.code.tex
File: pgfcorepathprocessing.code.tex 2008/10/09  (rcs-revision 1.8)
)
(/usr/share/texmf/tex/generic/pgf/basiclayer/pgfcorearrows.code.tex
File: pgfcorearrows.code.tex 2008/04/23  (rcs-revision 1.11)
)
(/usr/share/texmf/tex/generic/pgf/basiclayer/pgfcoreshade.code.tex
File: pgfcoreshade.code.tex 2008/11/23  (rcs-revision 1.13)
\pgf@max=\dimen160
\pgf@sys@shading@range@num=\count121
)
(/usr/share/texmf/tex/generic/pgf/basiclayer/pgfcoreimage.code.tex
File: pgfcoreimage.code.tex 2010/03/25  (rcs-revision 1.16)

(/usr/share/texmf/tex/generic/pgf/basiclayer/pgfcoreexternal.code.tex
File: pgfcoreexternal.code.tex 2010/09/01  (rcs-revision 1.17)
\pgfexternal@startupbox=\box37
))
(/usr/share/texmf/tex/generic/pgf/basiclayer/pgfcorelayers.code.tex
File: pgfcorelayers.code.tex 2010/08/27  (rcs-revision 1.2)
)
(/usr/share/texmf/tex/generic/pgf/basiclayer/pgfcoretransparency.code.tex
File: pgfcoretransparency.code.tex 2008/01/17  (rcs-revision 1.2)
)
(/usr/share/texmf/tex/generic/pgf/basiclayer/pgfcorepatterns.code.tex
File: pgfcorepatterns.code.tex 2009/07/02  (rcs-revision 1.3)
)))
(/usr/share/texmf/tex/generic/pgf/modules/pgfmoduleshapes.code.tex
File: pgfmoduleshapes.code.tex 2010/09/09  (rcs-revision 1.13)
\pgfnodeparttextbox=\box38
)
(/usr/share/texmf/tex/generic/pgf/modules/pgfmoduleplot.code.tex
File: pgfmoduleplot.code.tex 2010/10/22  (rcs-revision 1.8)
)
(/usr/share/texmf/tex/latex/pgf/compatibility/pgfcomp-version-0-65.sty
Package: pgfcomp-version-0-65 2007/07/03 v2.10 (rcs-revision 1.7)
\pgf@nodesepstart=\dimen161
\pgf@nodesepend=\dimen162
)
(/usr/share/texmf/tex/latex/pgf/compatibility/pgfcomp-version-1-18.sty
Package: pgfcomp-version-1-18 2007/07/23 v2.10 (rcs-revision 1.1)
))
(/usr/share/texlive/texmf-dist/tex/latex/tools/verbatim.sty
Package: verbatim 2003/08/22 v1.5q LaTeX2e package for verbatim enhancements
\every@verbatim=\toks30
\verbatim@line=\toks31
\verbatim@in@stream=\read3
)
(/usr/share/texlive/texmf-dist/tex/latex/environ/environ.sty
Package: environ 2013/04/01 v0.3 A new environment syntax

(/usr/share/texlive/texmf-dist/tex/latex/trimspaces/trimspaces.sty
Package: trimspaces 2009/09/17 v1.1 Trim spaces around a token list
))
(/usr/share/texlive/texmf-dist/tex/latex/etoolbox/etoolbox.sty
Package: etoolbox 2011/01/03 v2.1 e-TeX tools for LaTeX

(/usr/share/texlive/texmf-dist/tex/latex/etex-pkg/etex.sty
Package: etex 1998/03/26 v2.0 eTeX basic definition package (PEB)
\et@xins=\count122
)
\etb@tempcnta=\count123
)
\tcb@titlebox=\box39
\tcb@upperbox=\box40
\tcb@lowerbox=\box41
\tcb@phantombox=\box42
\c@tcbbreakpart=\count124
\c@tcblayer=\count125
\tcb@temp=\box43
\tcb@temp=\box44
\tcb@temp=\box45
\tcb@temp=\box46
\tcb@out=\write6
)
(./PDS_Robotica.aux)
\openout1 = `PDS_Robotica.aux'.

LaTeX Font Info:    Checking defaults for OML/cmm/m/it on input line 16.
LaTeX Font Info:    ... okay on input line 16.
LaTeX Font Info:    Checking defaults for T1/cmr/m/n on input line 16.
LaTeX Font Info:    ... okay on input line 16.
LaTeX Font Info:    Checking defaults for OT1/cmr/m/n on input line 16.
LaTeX Font Info:    ... okay on input line 16.
LaTeX Font Info:    Checking defaults for OMS/cmsy/m/n on input line 16.
LaTeX Font Info:    ... okay on input line 16.
LaTeX Font Info:    Checking defaults for OMX/cmex/m/n on input line 16.
LaTeX Font Info:    ... okay on input line 16.
LaTeX Font Info:    Checking defaults for U/cmr/m/n on input line 16.
LaTeX Font Info:    ... okay on input line 16.

(/usr/share/texlive/texmf-dist/tex/context/base/supp-pdf.mkii
[Loading MPS to PDF converter (version 2006.09.02).]
\scratchcounter=\count126
\scratchdimen=\dimen163
\scratchbox=\box47
\nofMPsegments=\count127
\nofMParguments=\count128
\everyMPshowfont=\toks32
\MPscratchCnt=\count129
\MPscratchDim=\dimen164
\MPnumerator=\count130
\makeMPintoPDFobject=\count131
\everyMPtoPDFconversion=\toks33
) (/usr/share/texlive/texmf-dist/tex/latex/oberdiek/epstopdf-base.sty
Package: epstopdf-base 2010/02/09 v2.5 Base part for package epstopdf

(/usr/share/texlive/texmf-dist/tex/latex/oberdiek/grfext.sty
Package: grfext 2010/08/19 v1.1 Manage graphics extensions (HO)

(/usr/share/texlive/texmf-dist/tex/generic/oberdiek/kvdefinekeys.sty
Package: kvdefinekeys 2011/04/07 v1.3 Define keys (HO)
))
(/usr/share/texlive/texmf-dist/tex/latex/oberdiek/kvoptions.sty
Package: kvoptions 2011/06/30 v3.11 Key value format for package options (HO)

(/usr/share/texlive/texmf-dist/tex/generic/oberdiek/kvsetkeys.sty
Package: kvsetkeys 2012/04/25 v1.16 Key value parser (HO)
))
Package grfext Info: Graphics extension search list:
(grfext)             [.png,.pdf,.jpg,.mps,.jpeg,.jbig2,.jb2,.PNG,.PDF,.JPG,.JPE
G,.JBIG2,.JB2,.eps]
(grfext)             \AppendGraphicsExtensions on input line 452.

(/usr/share/texlive/texmf-dist/tex/latex/latexconfig/epstopdf-sys.cfg
File: epstopdf-sys.cfg 2010/07/13 v1.3 Configuration of (r)epstopdf for TeX Liv
e
))
runsystem(pygmentize -S default -f latex > PDS_Robotica.pyg)...executed.


(./PDS_Robotica.pyg) ABD: EveryShipout initializing macros [1

{/var/lib/texmf/fonts/map/pdftex/updmap/pdftex.map}] (./PDS_Robotica.lof
Missing character: There is no √ in font cmr10!
Missing character: There is no ≠ in font cmr10!
Missing character: There is no √ in font cmr10!
Missing character: There is no ß in font cmr10!
)
\tf@lof=\write7
\openout7 = `PDS_Robotica.lof'.

 [1] (./PDS_Robotica.lot
Missing character: There is no √ in font cmr10!
Missing character: There is no ß in font cmr10!
Missing character: There is no √ in font cmr10!
Missing character: There is no £ in font cmr10!
Missing character: There is no √ in font cmr10!
Missing character: There is no £ in font cmr10!
Missing character: There is no √ in font cmr10!
Missing character: There is no ß in font cmr10!
Missing character: There is no √ in font cmr10!
Missing character: There is no £ in font cmr10!
Missing character: There is no √ in font cmr10!
Missing character: There is no µ in font cmr10!
)
\tf@lot=\write8
\openout8 = `PDS_Robotica.lot'.

 [2] (./PDS_Robotica.toc
Missing character: There is no √ in font cmbx10!
Missing character: There is no µ in font cmbx10!
Missing character: There is no √ in font cmr10!
Missing character: There is no ß in font cmr10!
Missing character: There is no √ in font cmr10!
Missing character: There is no £ in font cmr10!
Missing character: There is no √ in font cmr10!
Missing character: There is no µ in font cmr10!
Missing character: There is no √ in font cmr10!
Missing character: There is no µ in font cmr10!
Missing character: There is no √ in font cmbx10!
Missing character: There is no £ in font cmbx10!
Missing character: There is no √ in font cmbx10!
Missing character: There is no ¢ in font cmbx10!
Missing character: There is no √ in font cmbx10!
Missing character: There is no ß in font cmbx10!
Missing character: There is no √ in font cmbx10!
Missing character: There is no £ in font cmbx10!
Missing character: There is no √ in font cmbx10!
Missing character: There is no ß in font cmbx10!
Missing character: There is no √ in font cmbx10!
Missing character: There is no £ in font cmbx10!
Missing character: There is no √ in font cmr10!
Missing character: There is no £ in font cmr10!
Missing character: There is no √ in font cmr10!
Missing character: There is no ≥ in font cmr10!
Missing character: There is no √ in font cmr10!
Missing character: There is no ≥ in font cmr10!
Missing character: There is no √ in font cmbx10!
Missing character: There is no Å in font cmbx10!
Missing character: There is no √ in font cmr10!
Missing character: There is no £ in font cmr10!
Missing character: There is no √ in font cmr10!
Missing character: There is no ≥ in font cmr10!
Missing character: There is no √ in font cmr10!
Missing character: There is no ≥ in font cmr10!
Missing character: There is no √ in font cmr10!
Missing character: There is no £ in font cmr10!
Missing character: There is no √ in font cmr10!
Missing character: There is no ≥ in font cmr10!
Missing character: There is no √ in font cmr10!
Missing character: There is no ≥ in font cmr10!
Missing character: There is no √ in font cmbx10!
Missing character: There is no ß in font cmbx10!
Missing character: There is no √ in font cmr10!
Missing character: There is no £ in font cmr10!
Missing character: There is no √ in font cmr10!
Missing character: There is no ≥ in font cmr10!
Missing character: There is no √ in font cmr10!
Missing character: There is no ≥ in font cmr10!
Missing character: There is no √ in font cmr10!
Missing character: There is no £ in font cmr10!
Missing character: There is no √ in font cmr10!
Missing character: There is no ≥ in font cmr10!
Missing character: There is no √ in font cmr10!
Missing character: There is no ≥ in font cmr10!
Missing character: There is no √ in font cmr10!
Missing character: There is no £ in font cmr10!
Missing character: There is no √ in font cmr10!
Missing character: There is no ≥ in font cmr10!
Missing character: There is no √ in font cmr10!
Missing character: There is no ≥ in font cmr10!
)
\tf@toc=\write9
\openout9 = `PDS_Robotica.toc'.

 [3]
Missing character: There is no √ in font cmbx12!
Missing character: There is no µ in font cmbx12!
Missing character: There is no √ in font cmr10!
Missing character: There is no ∫ in font cmr10!
Missing character: There is no √ in font cmr10!
Missing character: There is no † in font cmr10!
Missing character: There is no √ in font cmr10!
Missing character: There is no µ in font cmr10!
Missing character: There is no √ in font cmr10!
Missing character: There is no ß in font cmr10!
Missing character: There is no √ in font cmr10!
Missing character: There is no £ in font cmr10!
Missing character: There is no √ in font cmr10!
Missing character: There is no ß in font cmr10!
Missing character: There is no √ in font cmr10!
Missing character: There is no µ in font cmr10!
Missing character: There is no √ in font cmr10!
Missing character: There is no ß in font cmr10!
Missing character: There is no √ in font cmr10!
Missing character: There is no £ in font cmr10!
Missing character: There is no √ in font cmbx12!
Missing character: There is no ß in font cmbx12!
Missing character: There is no √ in font cmbx12!
Missing character: There is no £ in font cmbx12!
Missing character: There is no √ in font cmbx12!
Missing character: There is no µ in font cmbx12!
Missing character: There is no √ in font cmr10!
Missing character: There is no µ in font cmr10!
Missing character: There is no √ in font cmr10!
Missing character: There is no ß in font cmr10!
Missing character: There is no √ in font cmr10!
Missing character: There is no £ in font cmr10!
Missing character: There is no √ in font cmr10!
Missing character: There is no ß in font cmr10!
Missing character: There is no √ in font cmr10!
Missing character: There is no £ in font cmr10!
Missing character: There is no √ in font cmr10!
Missing character: There is no ≠ in font cmr10!
Missing character: There is no √ in font cmr10!
Missing character: There is no ß in font cmr10!
Missing character: There is no √ in font cmr10!
Missing character: There is no £ in font cmr10!
Missing character: There is no √ in font cmr10!
Missing character: There is no £ in font cmr10!
Missing character: There is no √ in font cmr10!
Missing character: There is no ≠ in font cmr10!
Missing character: There is no √ in font cmr10!
Missing character: There is no ° in font cmr10!
Missing character: There is no √ in font cmr10!
Missing character: There is no Å in font cmr10!
Missing character: There is no √ in font cmr10!
Missing character: There is no ß in font cmr10!
Missing character: There is no √ in font cmr10!
Missing character: There is no £ in font cmr10!
Missing character: There is no √ in font cmr10!
Missing character: There is no £ in font cmr10!
Missing character: There is no √ in font cmr10!
Missing character: There is no ¢ in font cmr10!
Missing character: There is no √ in font cmr10!
Missing character: There is no ß in font cmr10!
Missing character: There is no √ in font cmr10!
Missing character: There is no £ in font cmr10!
Missing character: There is no √ in font cmr10!
Missing character: There is no ≥ in font cmr10!
Missing character: There is no √ in font cmr10!
Missing character: There is no ß in font cmr10!
Missing character: There is no √ in font cmr10!
Missing character: There is no ± in font cmr10!
Missing character: There is no √ in font cmr10!
Missing character: There is no £ in font cmr10!
Missing character: There is no √ in font cmr10!
Missing character: There is no ß in font cmr10!
Missing character: There is no √ in font cmr10!
Missing character: There is no £ in font cmr10!
Missing character: There is no √ in font cmr10!
Missing character: There is no ß in font cmr10!
Missing character: There is no √ in font cmr10!
Missing character: There is no £ in font cmr10!
Missing character: There is no √ in font cmr10!
Missing character: There is no ß in font cmr10!
Missing character: There is no √ in font cmr10!
Missing character: There is no Å in font cmr10!
Missing character: There is no √ in font cmr10!
Missing character: There is no ß in font cmr10!
Missing character: There is no √ in font cmr10!
Missing character: There is no £ in font cmr10!
Missing character: There is no √ in font cmr10!
Missing character: There is no £ in font cmr10!
Missing character: There is no √ in font cmbx12!
Missing character: There is no µ in font cmbx12!
Missing character: There is no √ in font cmr10!
Missing character: There is no µ in font cmr10!
Missing character: There is no √ in font cmr10!
Missing character: There is no ° in font cmr10!
Missing character: There is no √ in font cmr10!
Missing character: There is no ≠ in font cmr10!
Missing character: There is no √ in font cmr10!
Missing character: There is no ß in font cmr10!
Missing character: There is no √ in font cmr10!
Missing character: There is no µ in font cmr10!
Missing character: There is no √ in font cmr10!
Missing character: There is no ß in font cmr10!
Missing character: There is no √ in font cmr10!
Missing character: There is no £ in font cmr10!
Missing character: There is no √ in font cmr10!
Missing character: There is no µ in font cmr10!
Missing character: There is no √ in font cmr10!
Missing character: There is no £ in font cmr10!
Missing character: There is no √ in font cmr10!
Missing character: There is no Å in font cmr10!
Missing character: There is no √ in font cmr10!
Missing character: There is no ß in font cmr10!
Missing character: There is no √ in font cmr10!
Missing character: There is no Å in font cmr10!
Missing character: There is no √ in font cmr10!
Missing character: There is no £ in font cmr10!
Missing character: There is no √ in font cmr10!
Missing character: There is no Å in font cmr10!
Missing character: There is no √ in font cmr10!
Missing character: There is no â in font cmr10!
Missing character: There is no √ in font cmr10!
Missing character: There is no ≠ in font cmr10!
Missing character: There is no √ in font cmr10!
Missing character: There is no â in font cmr10!
Missing character: There is no √ in font cmr10!
Missing character: There is no Å in font cmr10!
Missing character: There is no √ in font cmr10!
Missing character: There is no â in font cmr10!
Missing character: There is no √ in font cmr10!
Missing character: There is no â in font cmr10!
Missing character: There is no √ in font cmr10!
Missing character: There is no £ in font cmr10!
Missing character: There is no √ in font cmr10!
Missing character: There is no â in font cmr10!
Missing character: There is no √ in font cmr10!
Missing character: There is no Å in font cmr10!
Missing character: There is no √ in font cmr10!
Missing character: There is no â in font cmr10!
Missing character: There is no √ in font cmr10!
Missing character: There is no â in font cmr10!
Missing character: There is no √ in font cmr10!
Missing character: There is no ç in font cmr10!
Missing character: There is no √ in font cmr10!
Missing character: There is no ° in font cmr10!
Missing character: There is no √ in font cmr10!
Missing character: There is no ç in font cmr10!
Missing character: There is no √ in font cmr10!
Missing character: There is no ç in font cmr10!
Missing character: There is no √ in font cmr10!
Missing character: There is no ç in font cmr10!
Missing character: There is no √ in font cmr10!
Missing character: There is no ß in font cmr10!
Missing character: There is no √ in font cmr10!
Missing character: There is no £ in font cmr10!
Missing character: There is no √ in font cmr10!
Missing character: There is no ≥ in font cmr10!
Missing character: There is no √ in font cmr10!
Missing character: There is no ç in font cmr10!
Missing character: There is no √ in font cmr10!
Missing character: There is no ß in font cmr10!
Missing character: There is no √ in font cmr10!
Missing character: There is no £ in font cmr10!
Missing character: There is no √ in font cmr10!
Missing character: There is no ß in font cmr10!
Missing character: There is no √ in font cmr10!
Missing character: There is no £ in font cmr10!
Missing character: There is no √ in font cmr10!
Missing character: There is no ç in font cmr10!
Missing character: There is no √ in font cmr10!
Missing character: There is no ß in font cmr10!
Missing character: There is no √ in font cmr10!
Missing character: There is no ß in font cmr10!
Missing character: There is no √ in font cmr10!
Missing character: There is no £ in font cmr10!
Missing character: There is no √ in font cmr10!
Missing character: There is no µ in font cmr10!


LaTeX Warning: `!h' float specifier changed to `!ht'.

Missing character: There is no √ in font cmr10!
Missing character: There is no µ in font cmr10!
Missing character: There is no √ in font cmr10!
Missing character: There is no £ in font cmr10!
Missing character: There is no √ in font cmr10!
Missing character: There is no µ in font cmr10!
Missing character: There is no √ in font cmr10!
Missing character: There is no ™ in font cmr10!
Missing character: There is no √ in font cmr10!
Missing character: There is no ≥ in font cmr10!
Missing character: There is no √ in font cmr10!
Missing character: There is no £ in font cmr10!
Missing character: There is no √ in font cmr10!
Missing character: There is no £ in font cmr10!
Missing character: There is no √ in font cmbx12!
Missing character: There is no £ in font cmbx12!
Missing character: There is no √ in font cmbx12!
Missing character: There is no ¢ in font cmbx12!
Missing character: There is no √ in font cmbx12!
Missing character: There is no ß in font cmbx12!
Missing character: There is no √ in font cmbx12!
Missing character: There is no £ in font cmbx12!
Missing character: There is no √ in font cmbx12!
Missing character: There is no ß in font cmbx12!
Missing character: There is no √ in font cmbx12!
Missing character: There is no £ in font cmbx12!
Missing character: There is no √ in font cmbx12!
Missing character: There is no £ in font cmbx12!
Missing character: There is no √ in font cmr10!
Missing character: There is no £ in font cmr10!
Missing character: There is no √ in font cmr10!
Missing character: There is no ° in font cmr10!
Missing character: There is no √ in font cmr10!
Missing character: There is no £ in font cmr10!
Missing character: There is no √ in font cmr10!
Missing character: There is no ¢ in font cmr10!
Missing character: There is no √ in font cmr10!
Missing character: There is no ° in font cmr10!
Missing character: There is no √ in font cmr10!
Missing character: There is no ° in font cmr10!
Missing character: There is no √ in font cmr10!
Missing character: There is no ¢ in font cmr10!
Missing character: There is no √ in font cmr10!
Missing character: There is no £ in font cmr10!
Missing character: There is no √ in font cmr10!
Missing character: There is no ° in font cmr10!
Missing character: There is no √ in font cmr10!
Missing character: There is no © in font cmr10!
Missing character: There is no √ in font cmr10!
Missing character: There is no £ in font cmr10!
Missing character: There is no √ in font cmr10!
Missing character: There is no £ in font cmr10!
Missing character: There is no √ in font cmr10!
Missing character: There is no ° in font cmr10!
Missing character: There is no √ in font cmr10!
Missing character: There is no ¥ in font cmr10!
Missing character: There is no √ in font cmr10!
Missing character: There is no ° in font cmr10!
Missing character: There is no √ in font cmr10!
Missing character: There is no © in font cmr10!

Underfull \hbox (badness 10000) in paragraph at lines 126--131

 []

[4]
Missing character: There is no √ in font cmr10!
Missing character: There is no £ in font cmr10!
Missing character: There is no √ in font cmr10!
Missing character: There is no ¢ in font cmr10!
Missing character: There is no √ in font cmr10!
Missing character: There is no © in font cmr10!
Missing character: There is no √ in font cmr10!
Missing character: There is no ° in font cmr10!
Missing character: There is no √ in font cmr10!
Missing character: There is no ß in font cmr10!
Missing character: There is no √ in font cmr10!
Missing character: There is no £ in font cmr10!
Missing character: There is no √ in font cmr10!
Missing character: There is no © in font cmr10!

Underfull \hbox (badness 10000) in paragraph at lines 133--140

 []

Missing character: There is no √ in font cmbx12!
Missing character: There is no ≥ in font cmbx12!
Missing character: There is no √ in font cmr10!
Missing character: There is no † in font cmr10!
Missing character: There is no √ in font cmr10!
Missing character: There is no £ in font cmr10!
Missing character: There is no √ in font cmr10!
Missing character: There is no £ in font cmr10!
Missing character: There is no √ in font cmr10!
Missing character: There is no † in font cmr10!
Missing character: There is no √ in font cmr10!
Missing character: There is no ¢ in font cmr10!
Missing character: There is no √ in font cmr10!
Missing character: There is no † in font cmr10!
Missing character: There is no √ in font cmr10!
Missing character: There is no ¢ in font cmr10!
Missing character: There is no √ in font cmr10!
Missing character: There is no ° in font cmr10!
Missing character: There is no √ in font cmr10!
Missing character: There is no ° in font cmr10!
Missing character: There is no √ in font cmr10!
Missing character: There is no † in font cmr10!
Missing character: There is no √ in font cmr10!
Missing character: There is no ß in font cmr10!
Missing character: There is no √ in font cmr10!
Missing character: There is no £ in font cmr10!
Missing character: There is no √ in font cmr10!
Missing character: There is no ° in font cmr10!
Missing character: There is no √ in font cmr10!
Missing character: There is no † in font cmr10!
Missing character: There is no √ in font cmr10!
Missing character: There is no † in font cmr10!

Underfull \hbox (badness 10000) in paragraph at lines 142--165

 []

[5]
Missing character: There is no √ in font cmbx12!
Missing character: There is no ≥ in font cmbx12!
runsystem(pygmentize -l c -f latex -F tokenmerge             -P "verboptions= "
 -o PDS_Robotica.out.pyg codes/ambulancia.nxc)...executed.

 (./PDS_Robotica.out.pyg
Missing character: There is no √ in font cmitt10!
Missing character: There is no ß in font cmitt10!
Missing character: There is no √ in font cmitt10!
Missing character: There is no £ in font cmitt10!
)
runsystem(rm PDS_Robotica.out.pyg)...executed.

 [6]
Overfull \vbox (5.69458pt too high) has occurred while \output is active []


[7]
Missing character: There is no √ in font cmbx12!
Missing character: There is no Å in font cmbx12!
Missing character: There is no √ in font cmbx12!
Missing character: There is no £ in font cmbx12!
Missing character: There is no √ in font cmr10!
Missing character: There is no ° in font cmr10!
Missing character: There is no √ in font cmr10!
Missing character: There is no ° in font cmr10!
Missing character: There is no √ in font cmr10!
Missing character: There is no ≥ in font cmr10!
Missing character: There is no √ in font cmr10!
Missing character: There is no © in font cmr10!
Missing character: There is no √ in font cmr10!
Missing character: There is no £ in font cmr10!
Missing character: There is no √ in font cmr10!
Missing character: There is no ° in font cmr10!
Missing character: There is no √ in font cmr10!
Missing character: There is no £ in font cmr10!
Missing character: There is no √ in font cmr10!
Missing character: There is no © in font cmr10!
Missing character: There is no √ in font cmr10!
Missing character: There is no £ in font cmr10!
Missing character: There is no √ in font cmr10!
Missing character: There is no ° in font cmr10!
Missing character: There is no √ in font cmr10!
Missing character: There is no £ in font cmr10!
Missing character: There is no √ in font cmr10!
Missing character: There is no £ in font cmr10!
Missing character: There is no √ in font cmr10!
Missing character: There is no © in font cmr10!
Missing character: There is no √ in font cmr10!
Missing character: There is no ° in font cmr10!
Missing character: There is no √ in font cmr10!
Missing character: There is no ° in font cmr10!
Missing character: There is no √ in font cmr10!
Missing character: There is no £ in font cmr10!
Missing character: There is no √ in font cmr10!
Missing character: There is no ≠ in font cmr10!
Missing character: There is no √ in font cmr10!
Missing character: There is no ≠ in font cmr10!
Missing character: There is no √ in font cmr10!
Missing character: There is no £ in font cmr10!
Missing character: There is no √ in font cmr10!
Missing character: There is no £ in font cmr10!
Missing character: There is no √ in font cmr10!
Missing character: There is no © in font cmr10!
Missing character: There is no √ in font cmr10!
Missing character: There is no ° in font cmr10!

Underfull \hbox (badness 10000) in paragraph at lines 175--179

 []

Missing character: There is no √ in font cmr10!
Missing character: There is no ° in font cmr10!
Missing character: There is no √ in font cmr10!
Missing character: There is no ° in font cmr10!
Missing character: There is no √ in font cmr10!
Missing character: There is no £ in font cmr10!

Underfull \hbox (badness 10000) in paragraph at lines 181--186

 []

Missing character: There is no √ in font cmbx12!
Missing character: There is no ≥ in font cmbx12!
Missing character: There is no √ in font cmr10!
Missing character: There is no † in font cmr10!
Missing character: There is no √ in font cmr10!
Missing character: There is no ° in font cmr10!
Missing character: There is no √ in font cmr10!
Missing character: There is no ß in font cmr10!
Missing character: There is no √ in font cmr10!
Missing character: There is no ° in font cmr10!

Underfull \hbox (badness 10000) in paragraph at lines 188--201

 []

Missing character: There is no √ in font cmbx12!
Missing character: There is no ≥ in font cmbx12!
runsystem(pygmentize -l c -f latex -F tokenmerge             -P "verboptions= "
 -o PDS_Robotica.out.pyg codes/galho_da_arvore.nxc)...executed.

(./PDS_Robotica.out.pyg)
runsystem(rm PDS_Robotica.out.pyg)...executed.

 [8] [9]
Missing character: There is no √ in font cmbx12!
Missing character: There is no £ in font cmbx12!
Missing character: There is no √ in font cmbx12!
Missing character: There is no ≥ in font cmbx12!
Missing character: There is no √ in font cmbx12!
Missing character: There is no ≥ in font cmbx12!
runsystem(pygmentize -l c -f latex -F tokenmerge             -P "verboptions= "
 -o PDS_Robotica.out.pyg codes/tsunami.nxc)...executed.

 (./PDS_Robotica.out.pyg
LaTeX Font Info:    Font shape `OT1/cmtt/bx/n' in size <10> not available
(Font)              Font shape `OT1/cmtt/m/n' tried instead on input line 14.
)
runsystem(rm PDS_Robotica.out.pyg)...executed.

 [10]
Missing character: There is no √ in font cmbx12!
Missing character: There is no ß in font cmbx12!
Missing character: There is no √ in font cmbx12!
Missing character: There is no £ in font cmbx12!
Missing character: There is no √ in font cmbx12!
Missing character: There is no ≥ in font cmbx12!
Missing character: There is no √ in font cmbx12!
Missing character: There is no ≥ in font cmbx12!
runsystem(pygmentize -l c -f latex -F tokenmerge             -P "verboptions= "
 -o PDS_Robotica.out.pyg codes/zona_de_seguranca.nxc)...executed.


(./PDS_Robotica.out.pyg)
runsystem(rm PDS_Robotica.out.pyg)...executed.

 [11]
Missing character: There is no √ in font cmbx12!
Missing character: There is no £ in font cmbx12!
Missing character: There is no √ in font cmbx12!
Missing character: There is no ≥ in font cmbx12!
Missing character: There is no √ in font cmbx12!
Missing character: There is no ≥ in font cmbx12!
runsystem(pygmentize -l c -f latex -F tokenmerge             -P "verboptions= "
 -o PDS_Robotica.out.pyg codes/music_game_of_thrones.nxc)...executed.

 (./PDS_Robotica.out.pyg)
runsystem(rm PDS_Robotica.out.pyg)...executed.

 [12]
Overfull \vbox (124.86125pt too high) has occurred while \output is active []


[13]
Missing character: There is no √ in font cmbx12!
Missing character: There is no £ in font cmbx12!
Missing character: There is no √ in font cmbx12!
Missing character: There is no ≥ in font cmbx12!
Missing character: There is no √ in font cmbx12!
Missing character: There is no ≥ in font cmbx12!
runsystem(pygmentize -l c -f latex -F tokenmerge             -P "verboptions= "
 -o PDS_Robotica.out.pyg codes/the_bug_api.c)...executed.

 (./PDS_Robotica.out.pyg)
runsystem(rm PDS_Robotica.out.pyg)...executed.

runsystem(pygmentize -l c -f latex -F tokenmerge             -P "verboptions= "
 -o PDS_Robotica.out.pyg codes/the_bug_api.h)...executed.

 (./PDS_Robotica.out.pyg)
runsystem(rm PDS_Robotica.out.pyg)...executed.

 [14] [15]
<images/Garra_1.JPG, id=63, 3276.24pt x 2457.18pt>
File: images/Garra_1.JPG Graphic file (type jpg)
 <use images/Garra_1.JPG>
Package pdftex.def Info: images/Garra_1.JPG used on input line 254.
(pdftex.def)             Requested size: 345.0pt x 258.74263pt.
Missing character: There is no √ in font cmr10!
Missing character: There is no ≠ in font cmr10!

<images/Garra_2.JPG, id=64, 3276.24pt x 2457.18pt>
File: images/Garra_2.JPG Graphic file (type jpg)
 <use images/Garra_2.JPG>
Package pdftex.def Info: images/Garra_2.JPG used on input line 260.
(pdftex.def)             Requested size: 345.0pt x 258.74263pt.


LaTeX Warning: `!h' float specifier changed to `!ht'.

<images/Garra_3.JPG, id=65, 3276.24pt x 2457.18pt>
File: images/Garra_3.JPG Graphic file (type jpg)
 <use images/Garra_3.JPG>
Package pdftex.def Info: images/Garra_3.JPG used on input line 266.
(pdftex.def)             Requested size: 345.0pt x 258.74263pt.
Missing character: There is no √ in font cmr10!
Missing character: There is no ß in font cmr10!


LaTeX Warning: `!h' float specifier changed to `!ht'.

[16 <./images/Garra_1.JPG>] [17 <./images/Garra_2.JPG>] [18 <./images/Garra_3.J
PG>] (./PDS_Robotica.aux) ) 
Here is how much of TeX's memory you used:
 10665 strings out of 494963
 188146 string characters out of 6179647
 241621 words of memory out of 5000000
 13627 multiletter control sequences out of 15000+600000
 9359 words of font info for 35 fonts, out of 8000000 for 9000
 38 hyphenation exceptions out of 8191
 55i,8n,63p,815b,409s stack positions out of 5000i,500n,10000p,200000b,80000s
</usr/share/texlive/texmf-dist/fonts/type1/public/am
sfonts/cm/cmbx10.pfb></usr/share/texlive/texmf-dist/fonts/type1/public/amsfonts
/cm/cmbx12.pfb></usr/share/texlive/texmf-dist/fonts/type1/public/amsfonts/cm/cm
itt10.pfb></usr/share/texlive/texmf-dist/fonts/type1/public/amsfonts/cm/cmr10.p
fb></usr/share/texlive/texmf-dist/fonts/type1/public/amsfonts/cm/cmr12.pfb></us
r/share/texlive/texmf-dist/fonts/type1/public/amsfonts/cm/cmr17.pfb></usr/share
/texlive/texmf-dist/fonts/type1/public/amsfonts/cm/cmtt10.pfb>
Output written on PDS_Robotica.pdf (19 pages, 4886428 bytes).
PDF statistics:
 100 PDF objects out of 1000 (max. 8388607)
 68 compressed objects within 1 object stream
 0 named destinations out of 1000 (max. 500000)
 28 words of extra memory for PDF output out of 10000 (max. 10000000)

